c:\users\avishkar kolahalu\google drive\usc\1. animation & simulation - csci 520\assignments\assignment 1\starter-csci520-assign1\bin\debug\vc141.pdb
c:\users\avishkar kolahalu\google drive\usc\1. animation & simulation - csci 520\assignments\assignment 1\starter-csci520-assign1\bin\debug\vc141.idb
c:\users\avishkar kolahalu\google drive\usc\1. animation & simulation - csci 520\assignments\assignment 1\starter-csci520-assign1\bin\debug\createworld.obj
c:\users\avishkar kolahalu\google drive\usc\1. animation & simulation - csci 520\assignments\assignment 1\starter-csci520-assign1\bin\debug\createworld.ilk
c:\users\avishkar kolahalu\google drive\usc\1. animation & simulation - csci 520\assignments\assignment 1\starter-csci520-assign1\bin\debug\createworld.exe
c:\users\avishkar kolahalu\google drive\usc\1. animation & simulation - csci 520\assignments\assignment 1\starter-csci520-assign1\bin\debug\createworld.pdb
c:\users\avishkar kolahalu\google drive\usc\1. animation & simulation - csci 520\assignments\assignment 1\starter-csci520-assign1\bin\debug\input.obj
c:\users\avishkar kolahalu\google drive\usc\1. animation & simulation - csci 520\assignments\assignment 1\starter-csci520-assign1\bin\debug\jello.obj
c:\users\avishkar kolahalu\google drive\usc\1. animation & simulation - csci 520\assignments\assignment 1\starter-csci520-assign1\bin\debug\physics.obj
c:\users\avishkar kolahalu\google drive\usc\1. animation & simulation - csci 520\assignments\assignment 1\starter-csci520-assign1\bin\debug\pic.obj
c:\users\avishkar kolahalu\google drive\usc\1. animation & simulation - csci 520\assignments\assignment 1\starter-csci520-assign1\bin\debug\ppm.obj
c:\users\avishkar kolahalu\google drive\usc\1. animation & simulation - csci 520\assignments\assignment 1\starter-csci520-assign1\bin\debug\showcube.obj
c:\users\avishkar kolahalu\google drive\usc\1. animation & simulation - csci 520\assignments\assignment 1\starter-csci520-assign1\bin\debug\jello.ilk
c:\users\avishkar kolahalu\google drive\usc\1. animation & simulation - csci 520\assignments\assignment 1\starter-csci520-assign1\bin\debug\jello.pdb
c:\users\avishkar kolahalu\google drive\usc\1. animation & simulation - csci 520\assignments\assignment 1\starter-csci520-assign1\\bin\debug\createworld.exe
c:\users\avishkar kolahalu\google drive\usc\1. animation & simulation - csci 520\assignments\assignment 1\starter-csci520-assign1\bin\debug\createworld.tlog\cl.command.1.tlog
c:\users\avishkar kolahalu\google drive\usc\1. animation & simulation - csci 520\assignments\assignment 1\starter-csci520-assign1\bin\debug\createworld.tlog\cl.read.1.tlog
c:\users\avishkar kolahalu\google drive\usc\1. animation & simulation - csci 520\assignments\assignment 1\starter-csci520-assign1\bin\debug\createworld.tlog\cl.write.1.tlog
c:\users\avishkar kolahalu\google drive\usc\1. animation & simulation - csci 520\assignments\assignment 1\starter-csci520-assign1\bin\debug\createworld.tlog\link.command.1.tlog
c:\users\avishkar kolahalu\google drive\usc\1. animation & simulation - csci 520\assignments\assignment 1\starter-csci520-assign1\bin\debug\createworld.tlog\link.read.1.tlog
c:\users\avishkar kolahalu\google drive\usc\1. animation & simulation - csci 520\assignments\assignment 1\starter-csci520-assign1\bin\debug\createworld.tlog\link.write.1.tlog
