C:\Program Files (x86)\Microsoft Visual Studio\2017\Community\Common7\IDE\VC\VCTargets\Microsoft.CppBuild.targets(391,5): warning MSB8028: The intermediate directory (C:\Users\Avishkar Kolahalu\Google Drive\USC\1. Animation & Simulation - CSCI 520\Assignments\Assignment 1\starter-csci520-assign1\\Bin\Debug\) contains files shared from another project (createWorld.vcxproj).  This can lead to incorrect clean and rebuild behavior.
  input.cpp
  jello.cpp
c:\users\avishkar kolahalu\google drive\usc\1. animation & simulation - csci 520\assignments\assignment 1\starter-csci520-assign1\jello.cpp(157): warning C4305: 'argument': truncation from 'double' to 'GLclampf'
c:\users\avishkar kolahalu\google drive\usc\1. animation & simulation - csci 520\assignments\assignment 1\starter-csci520-assign1\jello.cpp(248): warning C4305: 'initializing': truncation from 'double' to 'GLfloat'
c:\users\avishkar kolahalu\google drive\usc\1. animation & simulation - csci 520\assignments\assignment 1\starter-csci520-assign1\jello.cpp(249): warning C4305: 'initializing': truncation from 'double' to 'GLfloat'
c:\users\avishkar kolahalu\google drive\usc\1. animation & simulation - csci 520\assignments\assignment 1\starter-csci520-assign1\jello.cpp(250): warning C4305: 'initializing': truncation from 'double' to 'GLfloat'
c:\users\avishkar kolahalu\google drive\usc\1. animation & simulation - csci 520\assignments\assignment 1\starter-csci520-assign1\jello.cpp(251): warning C4305: 'initializing': truncation from 'double' to 'GLfloat'
c:\users\avishkar kolahalu\google drive\usc\1. animation & simulation - csci 520\assignments\assignment 1\starter-csci520-assign1\jello.cpp(252): warning C4305: 'initializing': truncation from 'double' to 'GLfloat'
c:\users\avishkar kolahalu\google drive\usc\1. animation & simulation - csci 520\assignments\assignment 1\starter-csci520-assign1\jello.cpp(253): warning C4305: 'initializing': truncation from 'double' to 'GLfloat'
c:\users\avishkar kolahalu\google drive\usc\1. animation & simulation - csci 520\assignments\assignment 1\starter-csci520-assign1\jello.cpp(254): warning C4305: 'initializing': truncation from 'double' to 'GLfloat'
c:\users\avishkar kolahalu\google drive\usc\1. animation & simulation - csci 520\assignments\assignment 1\starter-csci520-assign1\jello.cpp(255): warning C4305: 'initializing': truncation from 'double' to 'GLfloat'
c:\users\avishkar kolahalu\google drive\usc\1. animation & simulation - csci 520\assignments\assignment 1\starter-csci520-assign1\jello.cpp(260): warning C4305: 'initializing': truncation from 'double' to 'GLfloat'
c:\users\avishkar kolahalu\google drive\usc\1. animation & simulation - csci 520\assignments\assignment 1\starter-csci520-assign1\jello.cpp(314): warning C4305: 'argument': truncation from 'double' to 'GLfloat'
c:\users\avishkar kolahalu\google drive\usc\1. animation & simulation - csci 520\assignments\assignment 1\starter-csci520-assign1\jello.cpp(318): warning C4244: 'argument': conversion from 'double' to 'GLfloat', possible loss of data
c:\users\avishkar kolahalu\google drive\usc\1. animation & simulation - csci 520\assignments\assignment 1\starter-csci520-assign1\jello.cpp(319): warning C4244: 'argument': conversion from 'double' to 'GLfloat', possible loss of data
c:\users\avishkar kolahalu\google drive\usc\1. animation & simulation - csci 520\assignments\assignment 1\starter-csci520-assign1\jello.cpp(320): warning C4244: 'argument': conversion from 'double' to 'GLfloat', possible loss of data
c:\users\avishkar kolahalu\google drive\usc\1. animation & simulation - csci 520\assignments\assignment 1\starter-csci520-assign1\jello.cpp(321): warning C4244: 'argument': conversion from 'double' to 'GLfloat', possible loss of data
c:\users\avishkar kolahalu\google drive\usc\1. animation & simulation - csci 520\assignments\assignment 1\starter-csci520-assign1\jello.cpp(326): warning C4305: 'argument': truncation from 'double' to 'GLfloat'
c:\users\avishkar kolahalu\google drive\usc\1. animation & simulation - csci 520\assignments\assignment 1\starter-csci520-assign1\jello.cpp(330): warning C4244: 'argument': conversion from 'double' to 'GLfloat', possible loss of data
c:\users\avishkar kolahalu\google drive\usc\1. animation & simulation - csci 520\assignments\assignment 1\starter-csci520-assign1\jello.cpp(331): warning C4244: 'argument': conversion from 'double' to 'GLfloat', possible loss of data
c:\users\avishkar kolahalu\google drive\usc\1. animation & simulation - csci 520\assignments\assignment 1\starter-csci520-assign1\jello.cpp(332): warning C4244: 'argument': conversion from 'double' to 'GLfloat', possible loss of data
c:\users\avishkar kolahalu\google drive\usc\1. animation & simulation - csci 520\assignments\assignment 1\starter-csci520-assign1\jello.cpp(333): warning C4244: 'argument': conversion from 'double' to 'GLfloat', possible loss of data
c:\users\avishkar kolahalu\google drive\usc\1. animation & simulation - csci 520\assignments\assignment 1\starter-csci520-assign1\jello.cpp(341): warning C4244: 'argument': conversion from 'double' to 'GLfloat', possible loss of data
c:\users\avishkar kolahalu\google drive\usc\1. animation & simulation - csci 520\assignments\assignment 1\starter-csci520-assign1\jello.cpp(342): warning C4244: 'argument': conversion from 'double' to 'GLfloat', possible loss of data
c:\users\avishkar kolahalu\google drive\usc\1. animation & simulation - csci 520\assignments\assignment 1\starter-csci520-assign1\jello.cpp(343): warning C4244: 'argument': conversion from 'double' to 'GLfloat', possible loss of data
c:\users\avishkar kolahalu\google drive\usc\1. animation & simulation - csci 520\assignments\assignment 1\starter-csci520-assign1\jello.cpp(344): warning C4244: 'argument': conversion from 'double' to 'GLfloat', possible loss of data
c:\users\avishkar kolahalu\google drive\usc\1. animation & simulation - csci 520\assignments\assignment 1\starter-csci520-assign1\jello.cpp(345): warning C4244: 'argument': conversion from 'double' to 'GLfloat', possible loss of data
c:\users\avishkar kolahalu\google drive\usc\1. animation & simulation - csci 520\assignments\assignment 1\starter-csci520-assign1\jello.cpp(346): warning C4244: 'argument': conversion from 'double' to 'GLfloat', possible loss of data
c:\users\avishkar kolahalu\google drive\usc\1. animation & simulation - csci 520\assignments\assignment 1\starter-csci520-assign1\jello.cpp(347): warning C4244: 'argument': conversion from 'double' to 'GLfloat', possible loss of data
c:\users\avishkar kolahalu\google drive\usc\1. animation & simulation - csci 520\assignments\assignment 1\starter-csci520-assign1\jello.cpp(348): warning C4244: 'argument': conversion from 'double' to 'GLfloat', possible loss of data
c:\users\avishkar kolahalu\google drive\usc\1. animation & simulation - csci 520\assignments\assignment 1\starter-csci520-assign1\jello.cpp(359): warning C4101: 'i': unreferenced local variable
  physics.cpp
c:\users\avishkar kolahalu\google drive\usc\1. animation & simulation - csci 520\assignments\assignment 1\starter-csci520-assign1\physics.cpp(351): warning C4244: '=': conversion from 'double' to 'int', possible loss of data
c:\users\avishkar kolahalu\google drive\usc\1. animation & simulation - csci 520\assignments\assignment 1\starter-csci520-assign1\physics.cpp(353): warning C4244: '=': conversion from 'double' to 'int', possible loss of data
c:\users\avishkar kolahalu\google drive\usc\1. animation & simulation - csci 520\assignments\assignment 1\starter-csci520-assign1\physics.cpp(356): warning C4244: '=': conversion from 'double' to 'int', possible loss of data
c:\users\avishkar kolahalu\google drive\usc\1. animation & simulation - csci 520\assignments\assignment 1\starter-csci520-assign1\physics.cpp(358): warning C4244: '=': conversion from 'double' to 'int', possible loss of data
c:\users\avishkar kolahalu\google drive\usc\1. animation & simulation - csci 520\assignments\assignment 1\starter-csci520-assign1\physics.cpp(361): warning C4244: '=': conversion from 'double' to 'int', possible loss of data
c:\users\avishkar kolahalu\google drive\usc\1. animation & simulation - csci 520\assignments\assignment 1\starter-csci520-assign1\physics.cpp(363): warning C4244: '=': conversion from 'double' to 'int', possible loss of data
c:\users\avishkar kolahalu\google drive\usc\1. animation & simulation - csci 520\assignments\assignment 1\starter-csci520-assign1\physics.cpp(371): warning C4244: '=': conversion from 'double' to 'int', possible loss of data
c:\users\avishkar kolahalu\google drive\usc\1. animation & simulation - csci 520\assignments\assignment 1\starter-csci520-assign1\physics.cpp(374): warning C4244: '=': conversion from 'double' to 'int', possible loss of data
c:\users\avishkar kolahalu\google drive\usc\1. animation & simulation - csci 520\assignments\assignment 1\starter-csci520-assign1\physics.cpp(377): warning C4244: '=': conversion from 'double' to 'int', possible loss of data
  pic.cpp
c:\users\avishkar kolahalu\google drive\usc\1. animation & simulation - csci 520\assignments\assignment 1\starter-csci520-assign1\pic.cpp(52): warning C4101: 'byte': unreferenced local variable
c:\users\avishkar kolahalu\google drive\usc\1. animation & simulation - csci 520\assignments\assignment 1\starter-csci520-assign1\pic.cpp(53): warning C4101: 'i': unreferenced local variable
  ppm.cpp
  showCube.cpp
c:\users\avishkar kolahalu\google drive\usc\1. animation & simulation - csci 520\assignments\assignment 1\starter-csci520-assign1\showcube.cpp(91): warning C4244: 'argument': conversion from 'double' to 'GLfloat', possible loss of data
c:\users\avishkar kolahalu\google drive\usc\1. animation & simulation - csci 520\assignments\assignment 1\starter-csci520-assign1\showcube.cpp(103): warning C4244: 'argument': conversion from 'double' to 'GLfloat', possible loss of data
c:\users\avishkar kolahalu\google drive\usc\1. animation & simulation - csci 520\assignments\assignment 1\starter-csci520-assign1\showcube.cpp(104): warning C4244: 'argument': conversion from 'double' to 'GLfloat', possible loss of data
c:\users\avishkar kolahalu\google drive\usc\1. animation & simulation - csci 520\assignments\assignment 1\starter-csci520-assign1\showcube.cpp(105): warning C4244: 'argument': conversion from 'double' to 'GLfloat', possible loss of data
c:\users\avishkar kolahalu\google drive\usc\1. animation & simulation - csci 520\assignments\assignment 1\starter-csci520-assign1\showcube.cpp(106): warning C4244: 'argument': conversion from 'double' to 'GLfloat', possible loss of data
c:\users\avishkar kolahalu\google drive\usc\1. animation & simulation - csci 520\assignments\assignment 1\starter-csci520-assign1\showcube.cpp(107): warning C4244: 'argument': conversion from 'double' to 'GLfloat', possible loss of data
c:\users\avishkar kolahalu\google drive\usc\1. animation & simulation - csci 520\assignments\assignment 1\starter-csci520-assign1\showcube.cpp(108): warning C4244: 'argument': conversion from 'double' to 'GLfloat', possible loss of data
c:\users\avishkar kolahalu\google drive\usc\1. animation & simulation - csci 520\assignments\assignment 1\starter-csci520-assign1\showcube.cpp(115): warning C4244: 'argument': conversion from 'double' to 'GLfloat', possible loss of data
c:\users\avishkar kolahalu\google drive\usc\1. animation & simulation - csci 520\assignments\assignment 1\starter-csci520-assign1\showcube.cpp(116): warning C4244: 'argument': conversion from 'double' to 'GLfloat', possible loss of data
c:\users\avishkar kolahalu\google drive\usc\1. animation & simulation - csci 520\assignments\assignment 1\starter-csci520-assign1\showcube.cpp(117): warning C4244: 'argument': conversion from 'double' to 'GLfloat', possible loss of data
c:\users\avishkar kolahalu\google drive\usc\1. animation & simulation - csci 520\assignments\assignment 1\starter-csci520-assign1\showcube.cpp(118): warning C4244: 'argument': conversion from 'double' to 'GLfloat', possible loss of data
c:\users\avishkar kolahalu\google drive\usc\1. animation & simulation - csci 520\assignments\assignment 1\starter-csci520-assign1\showcube.cpp(119): warning C4244: 'argument': conversion from 'double' to 'GLfloat', possible loss of data
c:\users\avishkar kolahalu\google drive\usc\1. animation & simulation - csci 520\assignments\assignment 1\starter-csci520-assign1\showcube.cpp(120): warning C4244: 'argument': conversion from 'double' to 'GLfloat', possible loss of data
c:\users\avishkar kolahalu\google drive\usc\1. animation & simulation - csci 520\assignments\assignment 1\starter-csci520-assign1\showcube.cpp(121): warning C4244: 'argument': conversion from 'double' to 'GLfloat', possible loss of data
c:\users\avishkar kolahalu\google drive\usc\1. animation & simulation - csci 520\assignments\assignment 1\starter-csci520-assign1\showcube.cpp(122): warning C4244: 'argument': conversion from 'double' to 'GLfloat', possible loss of data
c:\users\avishkar kolahalu\google drive\usc\1. animation & simulation - csci 520\assignments\assignment 1\starter-csci520-assign1\showcube.cpp(123): warning C4244: 'argument': conversion from 'double' to 'GLfloat', possible loss of data
c:\users\avishkar kolahalu\google drive\usc\1. animation & simulation - csci 520\assignments\assignment 1\starter-csci520-assign1\showcube.cpp(124): warning C4244: 'argument': conversion from 'double' to 'GLfloat', possible loss of data
c:\users\avishkar kolahalu\google drive\usc\1. animation & simulation - csci 520\assignments\assignment 1\starter-csci520-assign1\showcube.cpp(125): warning C4244: 'argument': conversion from 'double' to 'GLfloat', possible loss of data
c:\users\avishkar kolahalu\google drive\usc\1. animation & simulation - csci 520\assignments\assignment 1\starter-csci520-assign1\showcube.cpp(126): warning C4244: 'argument': conversion from 'double' to 'GLfloat', possible loss of data
c:\users\avishkar kolahalu\google drive\usc\1. animation & simulation - csci 520\assignments\assignment 1\starter-csci520-assign1\showcube.cpp(128): warning C4244: 'argument': conversion from 'double' to 'GLfloat', possible loss of data
c:\users\avishkar kolahalu\google drive\usc\1. animation & simulation - csci 520\assignments\assignment 1\starter-csci520-assign1\showcube.cpp(129): warning C4244: 'argument': conversion from 'double' to 'GLfloat', possible loss of data
c:\users\avishkar kolahalu\google drive\usc\1. animation & simulation - csci 520\assignments\assignment 1\starter-csci520-assign1\showcube.cpp(130): warning C4244: 'argument': conversion from 'double' to 'GLfloat', possible loss of data
c:\users\avishkar kolahalu\google drive\usc\1. animation & simulation - csci 520\assignments\assignment 1\starter-csci520-assign1\showcube.cpp(131): warning C4244: 'argument': conversion from 'double' to 'GLfloat', possible loss of data
c:\users\avishkar kolahalu\google drive\usc\1. animation & simulation - csci 520\assignments\assignment 1\starter-csci520-assign1\showcube.cpp(132): warning C4244: 'argument': conversion from 'double' to 'GLfloat', possible loss of data
c:\users\avishkar kolahalu\google drive\usc\1. animation & simulation - csci 520\assignments\assignment 1\starter-csci520-assign1\showcube.cpp(133): warning C4244: 'argument': conversion from 'double' to 'GLfloat', possible loss of data
c:\users\avishkar kolahalu\google drive\usc\1. animation & simulation - csci 520\assignments\assignment 1\starter-csci520-assign1\showcube.cpp(134): warning C4244: 'argument': conversion from 'double' to 'GLfloat', possible loss of data
c:\users\avishkar kolahalu\google drive\usc\1. animation & simulation - csci 520\assignments\assignment 1\starter-csci520-assign1\showcube.cpp(135): warning C4244: 'argument': conversion from 'double' to 'GLfloat', possible loss of data
c:\users\avishkar kolahalu\google drive\usc\1. animation & simulation - csci 520\assignments\assignment 1\starter-csci520-assign1\showcube.cpp(142): warning C4244: 'argument': conversion from 'double' to 'GLfloat', possible loss of data
c:\users\avishkar kolahalu\google drive\usc\1. animation & simulation - csci 520\assignments\assignment 1\starter-csci520-assign1\showcube.cpp(143): warning C4244: 'argument': conversion from 'double' to 'GLfloat', possible loss of data
c:\users\avishkar kolahalu\google drive\usc\1. animation & simulation - csci 520\assignments\assignment 1\starter-csci520-assign1\showcube.cpp(144): warning C4244: 'argument': conversion from 'double' to 'GLfloat', possible loss of data
c:\users\avishkar kolahalu\google drive\usc\1. animation & simulation - csci 520\assignments\assignment 1\starter-csci520-assign1\showcube.cpp(145): warning C4244: 'argument': conversion from 'double' to 'GLfloat', possible loss of data
c:\users\avishkar kolahalu\google drive\usc\1. animation & simulation - csci 520\assignments\assignment 1\starter-csci520-assign1\showcube.cpp(146): warning C4244: 'argument': conversion from 'double' to 'GLfloat', possible loss of data
c:\users\avishkar kolahalu\google drive\usc\1. animation & simulation - csci 520\assignments\assignment 1\starter-csci520-assign1\showcube.cpp(147): warning C4244: 'argument': conversion from 'double' to 'GLfloat', possible loss of data
c:\users\avishkar kolahalu\google drive\usc\1. animation & simulation - csci 520\assignments\assignment 1\starter-csci520-assign1\showcube.cpp(218): warning C4244: 'argument': conversion from 'double' to 'GLfloat', possible loss of data
c:\users\avishkar kolahalu\google drive\usc\1. animation & simulation - csci 520\assignments\assignment 1\starter-csci520-assign1\showcube.cpp(217): warning C4244: 'argument': conversion from 'double' to 'GLfloat', possible loss of data
c:\users\avishkar kolahalu\google drive\usc\1. animation & simulation - csci 520\assignments\assignment 1\starter-csci520-assign1\showcube.cpp(219): warning C4244: 'argument': conversion from 'double' to 'GLfloat', possible loss of data
c:\users\avishkar kolahalu\google drive\usc\1. animation & simulation - csci 520\assignments\assignment 1\starter-csci520-assign1\showcube.cpp(221): warning C4244: 'argument': conversion from 'double' to 'GLfloat', possible loss of data
c:\users\avishkar kolahalu\google drive\usc\1. animation & simulation - csci 520\assignments\assignment 1\starter-csci520-assign1\showcube.cpp(220): warning C4244: 'argument': conversion from 'double' to 'GLfloat', possible loss of data
c:\users\avishkar kolahalu\google drive\usc\1. animation & simulation - csci 520\assignments\assignment 1\starter-csci520-assign1\showcube.cpp(222): warning C4244: 'argument': conversion from 'double' to 'GLfloat', possible loss of data
c:\users\avishkar kolahalu\google drive\usc\1. animation & simulation - csci 520\assignments\assignment 1\starter-csci520-assign1\showcube.cpp(237): warning C4305: 'argument': truncation from 'double' to 'GLfloat'
c:\users\avishkar kolahalu\google drive\usc\1. animation & simulation - csci 520\assignments\assignment 1\starter-csci520-assign1\showcube.cpp(244): warning C4244: 'argument': conversion from 'int' to 'GLfloat', possible loss of data
c:\users\avishkar kolahalu\google drive\usc\1. animation & simulation - csci 520\assignments\assignment 1\starter-csci520-assign1\showcube.cpp(245): warning C4244: 'argument': conversion from 'int' to 'GLfloat', possible loss of data
c:\users\avishkar kolahalu\google drive\usc\1. animation & simulation - csci 520\assignments\assignment 1\starter-csci520-assign1\showcube.cpp(249): warning C4244: 'argument': conversion from 'int' to 'GLfloat', possible loss of data
c:\users\avishkar kolahalu\google drive\usc\1. animation & simulation - csci 520\assignments\assignment 1\starter-csci520-assign1\showcube.cpp(250): warning C4244: 'argument': conversion from 'int' to 'GLfloat', possible loss of data
c:\users\avishkar kolahalu\google drive\usc\1. animation & simulation - csci 520\assignments\assignment 1\starter-csci520-assign1\showcube.cpp(256): warning C4244: 'argument': conversion from 'int' to 'GLfloat', possible loss of data
c:\users\avishkar kolahalu\google drive\usc\1. animation & simulation - csci 520\assignments\assignment 1\starter-csci520-assign1\showcube.cpp(257): warning C4244: 'argument': conversion from 'int' to 'GLfloat', possible loss of data
c:\users\avishkar kolahalu\google drive\usc\1. animation & simulation - csci 520\assignments\assignment 1\starter-csci520-assign1\showcube.cpp(261): warning C4244: 'argument': conversion from 'int' to 'GLfloat', possible loss of data
c:\users\avishkar kolahalu\google drive\usc\1. animation & simulation - csci 520\assignments\assignment 1\starter-csci520-assign1\showcube.cpp(262): warning C4244: 'argument': conversion from 'int' to 'GLfloat', possible loss of data
c:\users\avishkar kolahalu\google drive\usc\1. animation & simulation - csci 520\assignments\assignment 1\starter-csci520-assign1\showcube.cpp(268): warning C4244: 'argument': conversion from 'int' to 'GLfloat', possible loss of data
c:\users\avishkar kolahalu\google drive\usc\1. animation & simulation - csci 520\assignments\assignment 1\starter-csci520-assign1\showcube.cpp(269): warning C4244: 'argument': conversion from 'int' to 'GLfloat', possible loss of data
c:\users\avishkar kolahalu\google drive\usc\1. animation & simulation - csci 520\assignments\assignment 1\starter-csci520-assign1\showcube.cpp(273): warning C4244: 'argument': conversion from 'int' to 'GLfloat', possible loss of data
c:\users\avishkar kolahalu\google drive\usc\1. animation & simulation - csci 520\assignments\assignment 1\starter-csci520-assign1\showcube.cpp(274): warning C4244: 'argument': conversion from 'int' to 'GLfloat', possible loss of data
c:\users\avishkar kolahalu\google drive\usc\1. animation & simulation - csci 520\assignments\assignment 1\starter-csci520-assign1\showcube.cpp(280): warning C4244: 'argument': conversion from 'int' to 'GLfloat', possible loss of data
c:\users\avishkar kolahalu\google drive\usc\1. animation & simulation - csci 520\assignments\assignment 1\starter-csci520-assign1\showcube.cpp(281): warning C4244: 'argument': conversion from 'int' to 'GLfloat', possible loss of data
c:\users\avishkar kolahalu\google drive\usc\1. animation & simulation - csci 520\assignments\assignment 1\starter-csci520-assign1\showcube.cpp(285): warning C4244: 'argument': conversion from 'int' to 'GLfloat', possible loss of data
c:\users\avishkar kolahalu\google drive\usc\1. animation & simulation - csci 520\assignments\assignment 1\starter-csci520-assign1\showcube.cpp(286): warning C4244: 'argument': conversion from 'int' to 'GLfloat', possible loss of data
  Generating Code...
c:\users\avishkar kolahalu\google drive\usc\1. animation & simulation - csci 520\assignments\assignment 1\starter-csci520-assign1\pic.cpp(137): warning C4715: 'pic_read': not all control paths return a value
c:\users\avishkar kolahalu\google drive\usc\1. animation & simulation - csci 520\assignments\assignment 1\starter-csci520-assign1\pic.cpp(109): warning C4715: 'pic_get_size': not all control paths return a value
c:\users\avishkar kolahalu\google drive\usc\1. animation & simulation - csci 520\assignments\assignment 1\starter-csci520-assign1\pic.cpp(163): warning C4715: 'pic_write': not all control paths return a value
  jello.vcxproj -> C:\Users\Avishkar Kolahalu\Google Drive\USC\1. Animation & Simulation - CSCI 520\Assignments\Assignment 1\starter-csci520-assign1\\Bin\Debug\jello.exe
